  SELECTOR DE IMAGEN SIMPLIFICADO  
NOTA: Solo procesa desde buffer/HD, las versiones LD se generan automáticamente.
Imagen seleccionada: zugarramurdi.jpg

--- Moviendo archivo ---

--- Resultado ---
Imagen movida a: C:\Users\jl\OneDrive\Python\panoramic219\temp\zugarramurdi.jpg
NOTA: Ejecuta panoramic219_code.py para generar las versiones LD y HTML.
 
 PANORAMIC219 CODE V3 - PROCESAMIENTO DESDE TEMP
 
 Directorio de trabajo: C:/Users/jl/OneDrive/Python/panoramic219
 Fuente única V3: C:/Users/jl/OneDrive/Python/panoramic219\temp
 Procesamiento: temp > hd (con watermark) + ld (640px)
 IMPORTANTE: Las imágenes NO se eliminan de temp
Ejecutando: git gc --prune=now

Ejecutando: git reflog expire --expire=now --all

 Verificando estructura de directorios V3:
 Imágenes en temp: 4
 Imágenes procesadas: 13 HD, 13 LD
 Estado inicial V3:
   - Imágenes en temp: 4
   - Imágenes ya procesadas: 13
   - Imágenes pendientes de procesar: 1
 Generando archivo style.css completo...
 Se generó style.css exitosamente
 V3: Procesando imágenes desde temp...
 Encontradas 1 imágenes NUEVAS en temp para procesar:
   - zugarramurdi.jpg
  Procesando desde temp: {filename}
    HD con watermark guardada: C:/Users/jl/OneDrive/Python/panoramic219\hd\zugarramurdi.jpg
    LD redimensionada guardada: C:/Users/jl/OneDrive/Python/panoramic219\ld\zugarramurdi.jpg
    Original mantenido en temp: C:/Users/jl/OneDrive/Python/panoramic219\temp\zugarramurdi.jpg
 Saltadas 3 imágenes que ya están procesadas:
   - PzaCastillo.jpg (ya existe en HD)
   - riabarquero.jpg (ya existe en HD)
   - thames.jpg (ya existe en HD)
 Recolectando imágenes procesadas para la galería...
 Encontradas 14 imágenes procesadas en total.
Método 2: Inferidas 1 palabras clave del nombre: Arga.jpg
Método 2: Inferidas 1 palabras clave del nombre: PuertoGijon.jpg
Método 2: Inferidas 1 palabras clave del nombre: PzaCastillo.jpg
Método 2: Inferidas 1 palabras clave del nombre: Sanvicente1.jpg
Método 2: Inferidas 1 palabras clave del nombre: colmenar-1.jpg
Método 2: Inferidas 1 palabras clave del nombre: congreso1.jpg
Método 2: Inferidas 1 palabras clave del nombre: fragas-2.jpg
Método 2: Inferidas 1 palabras clave del nombre: fragas-3.jpg
Método 2: Inferidas 1 palabras clave del nombre: otoño.jpg
Método 2: Inferidas 1 palabras clave del nombre: puertodebares1.jpg
Método 2: Inferidas 1 palabras clave del nombre: riabarquero.jpg
Método 2: Inferidas 1 palabras clave del nombre: salamanca.jpg
Método 2: Inferidas 1 palabras clave del nombre: thames.jpg
Método 2: Inferidas 1 palabras clave del nombre: zugarramurdi.jpg
 Se recolectaron 14 imágenes para la galería
 Generando index.html...
 Se generó index.html con 14 imágenes
 Generando páginas HTML individuales...
  Generado Arga.html  con EXIF  con mapa  con 1 palabras clave
  Generado PuertoGijon.html  con EXIF  con mapa  con 1 palabras clave
  Generado PzaCastillo.html  con EXIF  con mapa  con 1 palabras clave
  Generado Sanvicente1.html  con EXIF  con mapa  con 1 palabras clave
  Generado colmenar-1.html  con EXIF  con mapa  con 1 palabras clave
  Generado congreso1.html  con EXIF  con mapa  con 1 palabras clave
  Generado fragas-2.html  con EXIF  con mapa  con 1 palabras clave
  Generado fragas-3.html  con EXIF  con mapa  con 1 palabras clave
  Generado otoño.html  con EXIF  con mapa  con 1 palabras clave
  Generado puertodebares1.html  con EXIF  con mapa  con 1 palabras clave
  Generado riabarquero.html  con EXIF  con mapa  con 1 palabras clave
  Generado salamanca.html  con EXIF  con mapa  con 1 palabras clave
  Generado thames.html  con EXIF  con mapa  con 1 palabras clave
  Generado zugarramurdi.html  con EXIF  con mapa  con 1 palabras clave
 Subiendo a GitHub...
  Agregando archivos...
  Haciendo commit: V3: Actualización automática 08/11/2025 15:25
  Haciendo push...
  Error inesperado: 'charmap' codec can't encode character '\u2713' in position 2: character maps to <undefined>
 Proceso completado pero falló la subida a GitHub
___________________________________________________________
PANORAMIC INSTAGRAM - SECUENCIA DE 4 IMÁGENES
___________________________________________________________
Fecha: 08/11/2025 15:27:12
Usuario: jlzig
Fuente: C:\Users\jl\OneDrive\Python\panoramic219\temp
Destino: C:\Users\jl\OneDrive\Python\panoramic219\instagram
Verificando estructura de directorios...
Directorio instagram encontrado: C:\Users\jl\OneDrive\Python\panoramic219\instagram
Buscando imágenes en temp: C:\Users\jl\OneDrive\Python\panoramic219\temp
Encontradas 4 imágenes en temp
Imágenes pendientes de procesar: 1

--- GENERANDO SECUENCIAS (4 IMÁGENES) ---

Procesando imagen: zugarramurdi.jpg
  - Componiendo secuencia de 4 imágenes para zugarramurdi.jpg ...
  - Secuencia guardada: C:\Users\jl\OneDrive\Python\panoramic219\instagram\zugarramurdi_01.jpg .. C:\Users\jl\OneDrive\Python\panoramic219\instagram\zugarramurdi_04.jpg

--- SUBIENDO A INSTAGRAM (ÁLBUM DE 4 IMÁGENES) ---
Se van a subir 1 secuencias nuevas a Instagram...
Iniciando sesión en Instagram...
¡Sesión iniciada con éxito!

[1/1] Subiendo secuencia: zugarramurdi.jpg
  - Subiendo ÁLBUM a Instagram (intento de borrador con configure_later)...
  - Álbum subido exitosamente (verifica borradores/publicaciones).
___________________________________________________________
RESUMEN DEL PROCESAMIENTO
___________________________________________________________
Secuencias generadas: 1
Secuencias subidas: 1
Ubicación imágenes: C:\Users\jl\OneDrive\Python\panoramic219\instagram
 Proceso completado exitosamente
Sesión de Instagram cerrada.
INSTAGRAM: NO EXISTE - C:\Users\jl\OneDrive\Python\panoramic219\instagram
Buscando imágenes en temp: C:\Users\jl\OneDrive\Python\panoramic219\temp
Encontradas 4 imágenes en temp
Imágenes pendientes de procesar: 0

PENDIENTES: 0 imágenes sin video
___________________________________________________________
PANORAMIC INSTAGRAM - SECUENCIA DE 4 IMÁGENES
___________________________________________________________
Fecha: 08/11/2025 15:27:50
Usuario: jlzig
Fuente: C:\Users\jl\OneDrive\Python\panoramic219\temp
Destino: C:\Users\jl\OneDrive\Python\panoramic219\instagram
Verificando estructura de directorios...
Directorio instagram encontrado: C:\Users\jl\OneDrive\Python\panoramic219\instagram
Buscando imágenes en temp: C:\Users\jl\OneDrive\Python\panoramic219\temp
Encontradas 4 imágenes en temp
Imágenes pendientes de procesar: 0

 No hay imágenes nuevas que procesar.
  Todas las imágenes de temp ya tienen su secuencia correspondiente.
