  SELECTOR DE IMAGEN SIMPLIFICADO  
Imagen seleccionada: ortigueira.jpg

--- Moviendo archivo ---

--- Resultado ---
Imagen movida a: C:\Users\jl\OneDrive\Python\panoramic219\temp\ortigueira.jpg
El archivo ya no est· en: C:\Users\jl\OneDrive\Python\panoramic219\buffer\HD_SM
 
 PANORAMIC219 CODE V3 - PROCESAMIENTO DESDE TEMP
 
 Directorio de trabajo: C:/Users/jl/OneDrive/Python/panoramic219
 Fuente ˙nica V3: C:/Users/jl/OneDrive/Python/panoramic219\temp
 Procesamiento: temp > hd (con watermark) + ld (640px)
 IMPORTANTE: Las im·genes NO se eliminan de temp
Ejecutando: git gc --prune=now

Ejecutando: git reflog expire --expire=now --all

 Verificando estructura de directorios V3:
 Im·genes en temp: 13
 Im·genes procesadas: 12 HD, 12 LD
 Estado inicial V3:
   - Im·genes en temp: 13
   - Im·genes ya procesadas: 12
   - Im·genes pendientes de procesar: 1
 Generando archivo style.css completo...
 Se generÛ style.css exitosamente
 V3: Procesando im·genes desde temp...
 Encontradas 1 im·genes NUEVAS en temp para procesar:
   - ortigueira.jpg
  Procesando desde temp: {filename}
    HD con watermark guardada: C:/Users/jl/OneDrive/Python/panoramic219\hd\ortigueira.jpg
    LD redimensionada guardada: C:/Users/jl/OneDrive/Python/panoramic219\ld\ortigueira.jpg
    Original mantenido en temp: C:/Users/jl/OneDrive/Python/panoramic219\temp\ortigueira.jpg
 Saltadas 12 im·genes que ya est·n procesadas:
   - 20250713__MG_2209.jpg (ya existe en HD)
   - 20251207__MG_3470-Pano.jpg (ya existe en HD)
   - 20251207__MG_3519-Pano.jpg (ya existe en HD)
   - Arga.jpg (ya existe en HD)
   - Gorraiz.jpg (ya existe en HD)
   - Sanvicente1.jpg (ya existe en HD)
   - colmenar-3.jpg (ya existe en HD)
   - fragas-1.jpg (ya existe en HD)
   - montejurra.jpg (ya existe en HD)
   - paris1.jpg (ya existe en HD)
   - roquenublo.jpg (ya existe en HD)
   - ss-5.jpg (ya existe en HD)
 Recolectando im·genes procesadas para la galerÌa...
 Encontradas 13 im·genes procesadas en total.
MÈtodo 2: Inferidas 2 palabras clave del nombre: 20250713__MG_2209.jpg
MÈtodo 2: Inferidas 2 palabras clave del nombre: 20251207__MG_3470-Pano.jpg
MÈtodo 2: Inferidas 2 palabras clave del nombre: 20251207__MG_3519-Pano.jpg
MÈtodo 2: Inferidas 1 palabras clave del nombre: Arga.jpg
MÈtodo 2: Inferidas 1 palabras clave del nombre: Gorraiz.jpg
MÈtodo 2: Inferidas 1 palabras clave del nombre: Sanvicente1.jpg
MÈtodo 2: Inferidas 1 palabras clave del nombre: colmenar-3.jpg
MÈtodo 2: Inferidas 1 palabras clave del nombre: fragas-1.jpg
MÈtodo 2: Inferidas 1 palabras clave del nombre: montejurra.jpg
MÈtodo 2: Inferidas 1 palabras clave del nombre: ortigueira.jpg
MÈtodo 2: Inferidas 1 palabras clave del nombre: paris1.jpg
MÈtodo 2: Inferidas 1 palabras clave del nombre: roquenublo.jpg
MÈtodo 2: Inferidas 1 palabras clave del nombre: ss-5.jpg
 Se recolectaron 13 im·genes para la galerÌa
 Generando index.html...
 Se generÛ index.html con 13 im·genes
 Generando p·ginas HTML individuales...
  Generado 20250713__MG_2209.html  con EXIF  con mapa  con 1 palabras clave
  Generado 20251207__MG_3470-Pano.html  con EXIF  con mapa  con 1 palabras clave
  Generado 20251207__MG_3519-Pano.html  con EXIF  con mapa  con 1 palabras clave
  Generado Arga.html  con EXIF  con mapa  con 1 palabras clave
  Generado Gorraiz.html  con EXIF  con mapa  con 1 palabras clave
  Generado Sanvicente1.html  con EXIF  con mapa  con 1 palabras clave
  Generado colmenar-3.html  con EXIF  con mapa  con 1 palabras clave
  Generado fragas-1.html  con EXIF  con mapa  con 1 palabras clave
  Generado montejurra.html  con EXIF  con mapa  con 1 palabras clave
  Generado ortigueira.html  con EXIF  con mapa  con 1 palabras clave
  Generado paris1.html  con EXIF  con mapa  con 1 palabras clave
  Generado roquenublo.html  con EXIF  con mapa  con 1 palabras clave
  Generado ss-5.html  con EXIF  con mapa  con 1 palabras clave
 Subiendo a GitHub...
  Agregando archivos...
  Haciendo commit: V3: ActualizaciÛn autom·tica 07/02/2026 18:15
  Haciendo push...
  Push completado exitosamente.
 Proceso V3 completado exitosamente
 Las im·genes permanecen en temp para su posterior gestiÛn
___________________________________________________________
PANORAMIC INSTAGRAM - 4 IM¡GENES EN ¡LBUM (ROBUSTO)
___________________________________________________________
07/02/2026 18:16:42
  - Componiendo secuencia para ortigueira.jpg
Cargando sesiÛn guardada y refrescando login...
SesiÛn guardada inv·lida: login_required. Borrando y reintentando limpio.
Login completo en Instagram...
ERROR: Instagram requiere verificaciÛn manual (challenge).
