  SELECTOR DE IMAGEN SIMPLIFICADO  
NOTA: Solo procesa desde buffer/HD, las versiones LD se generan automáticamente.
Imagen seleccionada: riabarquero.jpg

--- Moviendo archivo ---

--- Resultado ---
Imagen movida a: C:\Users\jl\OneDrive\Python\panoramic219\temp\riabarquero.jpg
NOTA: Ejecuta panoramic219_code.py para generar las versiones LD y HTML.
 
 PANORAMIC219 CODE V3 - PROCESAMIENTO DESDE TEMP
 
 Directorio de trabajo: C:/Users/jl/OneDrive/Python/panoramic219
 Fuente única V3: C:/Users/jl/OneDrive/Python/panoramic219\temp
 Procesamiento: temp > hd (con watermark) + ld (640px)
 IMPORTANTE: Las imágenes NO se eliminan de temp
Ejecutando: git gc --prune=now

Ejecutando: git reflog expire --expire=now --all

 Verificando estructura de directorios V3:
 Imágenes en temp: 1
 Imágenes procesadas: 11 HD, 11 LD
 Estado inicial V3:
   - Imágenes en temp: 1
   - Imágenes ya procesadas: 11
   - Imágenes pendientes de procesar: 0
 Generando archivo style.css completo...
 Se generó style.css exitosamente
 V3: Procesando imágenes desde temp...
 No hay imágenes nuevas en temp para procesar.
 Saltadas 1 imágenes que ya están procesadas:
   - riabarquero.jpg (ya existe en HD)
 Recolectando imágenes procesadas para la galería...
 Encontradas 11 imágenes procesadas en total.
Método 2: Inferidas 1 palabras clave del nombre: Arga.jpg
Método 2: Inferidas 1 palabras clave del nombre: PuertoGijon.jpg
Método 2: Inferidas 1 palabras clave del nombre: Sanvicente1.jpg
Método 2: Inferidas 1 palabras clave del nombre: colmenar-1.jpg
Método 2: Inferidas 1 palabras clave del nombre: congreso1.jpg
Método 2: Inferidas 1 palabras clave del nombre: fragas-2.jpg
Método 2: Inferidas 1 palabras clave del nombre: fragas-3.jpg
Método 2: Inferidas 1 palabras clave del nombre: otoño.jpg
Método 2: Inferidas 1 palabras clave del nombre: puertodebares1.jpg
Método 2: Inferidas 1 palabras clave del nombre: riabarquero.jpg
Método 2: Inferidas 1 palabras clave del nombre: salamanca.jpg
 Se recolectaron 11 imágenes para la galería
 Generando index.html...
 Se generó index.html con 11 imágenes
 Generando páginas HTML individuales...
  Generado Arga.html  con EXIF  con mapa  con 1 palabras clave
  Generado PuertoGijon.html  con EXIF  con mapa  con 1 palabras clave
  Generado Sanvicente1.html  con EXIF  con mapa  con 1 palabras clave
  Generado colmenar-1.html  con EXIF  con mapa  con 1 palabras clave
  Generado congreso1.html  con EXIF  con mapa  con 1 palabras clave
  Generado fragas-2.html  con EXIF  con mapa  con 1 palabras clave
  Generado fragas-3.html  con EXIF  con mapa  con 1 palabras clave
  Generado otoño.html  con EXIF  con mapa  con 1 palabras clave
  Generado puertodebares1.html  con EXIF  con mapa  con 1 palabras clave
  Generado riabarquero.html  con EXIF  con mapa  con 1 palabras clave
  Generado salamanca.html  con EXIF  con mapa  con 1 palabras clave
 Subiendo a GitHub...
  Agregando archivos...
  Haciendo commit: V3: Actualización automática 08/11/2025 12:29
  Haciendo push...
  Error inesperado: 'charmap' codec can't encode character '\u2713' in position 2: character maps to <undefined>
 Proceso completado pero falló la subida a GitHub
___________________________________________________________
PANORAMIC INSTAGRAM - PROCESAMIENTO DESDE TEMP
___________________________________________________________
Fecha: 08/11/2025 12:31:34
Usuario: jlzig
Fuente: C:\Users\jl\OneDrive\Python\panoramic219\temp
Destino: C:\Users\jl\OneDrive\Python\panoramic219\instagram
Verificando estructura de directorios...
Directorio instagram encontrado: C:\Users\jl\OneDrive\Python\panoramic219\instagram
Buscando imágenes en temp: C:\Users\jl\OneDrive\Python\panoramic219\temp
Encontradas 1 imágenes en temp
Encontrados 2 videos existentes en instagram
Imágenes pendientes de procesar: 1

--- GENERANDO VIDEOS ---

Procesando imagen desde temp: riabarquero.jpg
  - Creando vídeo desde temp para riabarquero.jpg...
  - Usando audio: C:\Users\jl\OneDrive\Python\panoramic219\audio\intro.mp3
  - Vídeo guardado en: C:\Users\jl\OneDrive\Python\panoramic219\instagram\riabarquero.mp4

--- SUBIENDO A INSTAGRAM ---
Se van a subir 1 videos nuevos a Instagram...
Iniciando sesión en Instagram...
¡Sesión iniciada con éxito!

[1/1] Subiendo: riabarquero.jpg
  - Subiendo VÍDEO a Instagram como BORRADOR...
Analyzing video file "C:\Users\jl\OneDrive\Python\panoramic219\instagram\riabarquero.mp4"
Generating thumbnail "C:\Users\jl\OneDrive\Python\panoramic219\instagram\riabarquero.mp4.jpg"...
 Video subido exitosamente a borradores!
___________________________________________________________
RESUMEN DEL PROCESAMIENTO
___________________________________________________________
Videos generados: 1
Videos subidos: 1
Ubicación videos: C:\Users\jl\OneDrive\Python\panoramic219\instagram
 Proceso completado exitosamente
 Los videos están disponibles en borradores de Instagram
Sesión de Instagram cerrada.
