  SELECTOR DE IMAGEN SIMPLIFICADO  
NOTA: Solo procesa desde buffer/HD, las versiones LD se generan automáticamente.
Imagen seleccionada: fragas-2.jpg

--- Moviendo archivo ---

--- Resultado ---
Imagen movida a: C:\Users\jl\OneDrive\Python\panoramic219\temp\fragas-2.jpg
NOTA: Ejecuta panoramic219_code.py para generar las versiones LD y HTML.
 
 PANORAMIC219 CODE V3 - PROCESAMIENTO DESDE TEMP
 
 Directorio de trabajo: C:/Users/jl/OneDrive/Python/panoramic219
 Fuente única V3: C:/Users/jl/OneDrive/Python/panoramic219\temp
Traceback (most recent call last):
  File "C:\Users\jl\OneDrive\Python\panoramic219_code.py", line 1816, in <module>
    main()
    ~~~~^^
  File "C:\Users\jl\OneDrive\Python\panoramic219_code.py", line 1675, in main
    print(" Procesamiento: temp \u2192 hd (con watermark) + ld (640px)")
    ~~~~~^^^^^^^^^^^^^^^^^^^^^^^^^^^^^^^^^^^^^^^^^^^^^^^^^^^^^^^^^^
  File "C:\Users\jl\.conda\envs\panoramic\Lib\encodings\cp1252.py", line 19, in encode
    return codecs.charmap_encode(input,self.errors,encoding_table)[0]
           ~~~~~~~~~~~~~~~~~~~~~^^^^^^^^^^^^^^^^^^^^^^^^^^^^^^^^^^
UnicodeEncodeError: 'charmap' codec can't encode character '\u2192' in position 21: character maps to <undefined>
Traceback (most recent call last):
  File "C:\Users\jl\OneDrive\Python\panoramic_instagram.py", line 303, in <module>
    main()
    ~~~~^^
  File "C:\Users\jl\OneDrive\Python\panoramic_instagram.py", line 170, in main
    print("\u2550\u2550\u2550\u2550\u2550\u2550\u2550\u2550\u2550\u2550\u2550\u2550\u2550\u2550\u2550\u2550\u2550\u2550\u2550\u2550\u2550\u2550\u2550\u2550\u2550\u2550\u2550\u2550\u2550\u2550\u2550\u2550\u2550\u2550\u2550\u2550\u2550\u2550\u2550\u2550\u2550\u2550\u2550\u2550\u2550\u2550\u2550\u2550\u2550\u2550\u2550\u2550\u2550\u2550\u2550\u2550\u2550\u2550\u2550")
    ~~~~~^^^^^^^^^^^^^^^^^^^^^^^^^^^^^^^^^^^^^^^^^^^^^^^^^^^^^^^^^^^^^^^
  File "C:\Users\jl\.conda\envs\panoramic\Lib\encodings\cp1252.py", line 19, in encode
    return codecs.charmap_encode(input,self.errors,encoding_table)[0]
           ~~~~~~~~~~~~~~~~~~~~~^^^^^^^^^^^^^^^^^^^^^^^^^^^^^^^^^^
UnicodeEncodeError: 'charmap' codec can't encode characters in position 0-58: character maps to <undefined>
