  SELECTOR DE IMAGEN SIMPLIFICADO  
NOTA: Solo procesa desde buffer/HD, las versiones LD se generan automáticamente.
Imagen seleccionada: otoño.jpg

--- Moviendo archivo ---

--- Resultado ---
Imagen movida a: C:\Users\jl\OneDrive\Python\panoramic219\temp\otoño.jpg
NOTA: Ejecuta panoramic219_code.py para generar las versiones LD y HTML.
 
 PANORAMIC219 CODE V3 - PROCESAMIENTO DESDE TEMP
 
 Directorio de trabajo: C:/Users/jl/OneDrive/Python/panoramic219
 Fuente única V3: C:/Users/jl/OneDrive/Python/panoramic219\temp
 Procesamiento: temp > hd (con watermark) + ld (640px)
 IMPORTANTE: Las imágenes NO se eliminan de temp
Ejecutando: git gc --prune=now

Ejecutando: git reflog expire --expire=now --all

 Verificando estructura de directorios V3:
 Imágenes en temp: 6
 Imágenes procesadas: 7 HD, 7 LD
 Estado inicial V3:
   - Imágenes en temp: 6
   - Imágenes ya procesadas: 7
   - Imágenes pendientes de procesar: 4
 Generando archivo style.css completo...
 Se generó style.css exitosamente
 V3: Procesando imágenes desde temp...
 Encontradas 4 imágenes NUEVAS en temp para procesar:
   - Arga.jpg
  Procesando desde temp: {filename}
    HD con watermark guardada: C:/Users/jl/OneDrive/Python/panoramic219\hd\Arga.jpg
    LD redimensionada guardada: C:/Users/jl/OneDrive/Python/panoramic219\ld\Arga.jpg
    Original mantenido en temp: C:/Users/jl/OneDrive/Python/panoramic219\temp\Arga.jpg
   - fragas-2.jpg
  Procesando desde temp: {filename}
    HD con watermark guardada: C:/Users/jl/OneDrive/Python/panoramic219\hd\fragas-2.jpg
    LD redimensionada guardada: C:/Users/jl/OneDrive/Python/panoramic219\ld\fragas-2.jpg
    Original mantenido en temp: C:/Users/jl/OneDrive/Python/panoramic219\temp\fragas-2.jpg
   - otoño.jpg
  Procesando desde temp: {filename}
    HD con watermark guardada: C:/Users/jl/OneDrive/Python/panoramic219\hd\otoño.jpg
    LD redimensionada guardada: C:/Users/jl/OneDrive/Python/panoramic219\ld\otoño.jpg
    Original mantenido en temp: C:/Users/jl/OneDrive/Python/panoramic219\temp\otoño.jpg
   - salamanca.jpg
  Procesando desde temp: {filename}
    HD con watermark guardada: C:/Users/jl/OneDrive/Python/panoramic219\hd\salamanca.jpg
    LD redimensionada guardada: C:/Users/jl/OneDrive/Python/panoramic219\ld\salamanca.jpg
    Original mantenido en temp: C:/Users/jl/OneDrive/Python/panoramic219\temp\salamanca.jpg
 Saltadas 2 imágenes que ya están procesadas:
   - colmenar-1.jpg (ya existe en HD)
   - fragas-3.jpg (ya existe en HD)
 Recolectando imágenes procesadas para la galería...
 Encontradas 11 imágenes procesadas en total.
Método 2: Inferidas 1 palabras clave del nombre: Arga.jpg
Método 2: Inferidas 1 palabras clave del nombre: PuertoGijon.jpg
Método 2: Inferidas 1 palabras clave del nombre: Sanvicente1.jpg
Método 2: Inferidas 1 palabras clave del nombre: colmenar-1.jpg
Método 2: Inferidas 1 palabras clave del nombre: congreso1.jpg
Método 2: Inferidas 1 palabras clave del nombre: fragas-2.jpg
Método 2: Inferidas 1 palabras clave del nombre: fragas-3.jpg
Método 2: Inferidas 1 palabras clave del nombre: otoño.jpg
Método 2: Inferidas 1 palabras clave del nombre: puertodebares1.jpg
Método 2: Inferidas 1 palabras clave del nombre: riabarquero.jpg
Método 2: Inferidas 1 palabras clave del nombre: salamanca.jpg
 Se recolectaron 11 imágenes para la galería
 Generando index.html...
 Se generó index.html con 11 imágenes
 Generando páginas HTML individuales...
  Generado Arga.html  con EXIF  con mapa  con 1 palabras clave
  Generado PuertoGijon.html  con EXIF  con mapa  con 1 palabras clave
  Generado Sanvicente1.html  con EXIF  con mapa  con 1 palabras clave
  Generado colmenar-1.html  con EXIF  con mapa  con 1 palabras clave
  Generado congreso1.html  con EXIF  con mapa  con 1 palabras clave
  Generado fragas-2.html  con EXIF  con mapa  con 1 palabras clave
  Generado fragas-3.html  con EXIF  con mapa  con 1 palabras clave
  Generado otoño.html  con EXIF  con mapa  con 1 palabras clave
  Generado puertodebares1.html  con EXIF  con mapa  con 1 palabras clave
  Generado riabarquero.html  con EXIF  con mapa  con 1 palabras clave
  Generado salamanca.html  con EXIF  con mapa  con 1 palabras clave
 Subiendo a GitHub...
  Agregando archivos...
  Haciendo commit: V3: Actualización automática 08/11/2025 12:01
  Haciendo push...
  Error inesperado: 'charmap' codec can't encode character '\u2713' in position 2: character maps to <undefined>
 Proceso completado pero falló la subida a GitHub
Traceback (most recent call last):
  File "C:\Users\jl\OneDrive\Python\panoramic_instagram.py", line 303, in <module>
    main()
    ~~~~^^
  File "C:\Users\jl\OneDrive\Python\panoramic_instagram.py", line 170, in main
    print("\u2550\u2550\u2550\u2550\u2550\u2550\u2550\u2550\u2550\u2550\u2550\u2550\u2550\u2550\u2550\u2550\u2550\u2550\u2550\u2550\u2550\u2550\u2550\u2550\u2550\u2550\u2550\u2550\u2550\u2550\u2550\u2550\u2550\u2550\u2550\u2550\u2550\u2550\u2550\u2550\u2550\u2550\u2550\u2550\u2550\u2550\u2550\u2550\u2550\u2550\u2550\u2550\u2550\u2550\u2550\u2550\u2550\u2550\u2550")
    ~~~~~^^^^^^^^^^^^^^^^^^^^^^^^^^^^^^^^^^^^^^^^^^^^^^^^^^^^^^^^^^^^^^^
  File "C:\Users\jl\.conda\envs\panoramic\Lib\encodings\cp1252.py", line 19, in encode
    return codecs.charmap_encode(input,self.errors,encoding_table)[0]
           ~~~~~~~~~~~~~~~~~~~~~^^^^^^^^^^^^^^^^^^^^^^^^^^^^^^^^^^
UnicodeEncodeError: 'charmap' codec can't encode characters in position 0-58: character maps to <undefined>
