  SELECTOR DE IMAGEN SIMPLIFICADO  
NOTA: Solo procesa desde buffer/HD, las versiones LD se generan automáticamente.
Imagen seleccionada: Arga.jpg

--- Moviendo archivo ---

--- Resultado ---
Imagen movida a: C:\Users\jl\OneDrive\Python\panoramic219\temp\Arga.jpg
NOTA: Ejecuta panoramic219_code.py para generar las versiones LD y HTML.
 
 PANORAMIC219 CODE V3 - PROCESAMIENTO DESDE TEMP
 
 Directorio de trabajo: C:/Users/jl/OneDrive/Python/panoramic219
 Fuente única V3: C:/Users/jl/OneDrive/Python/panoramic219\temp
 Procesamiento: temp > hd (con watermark) + ld (640px)
 IMPORTANTE: Las imágenes NO se eliminan de temp
Ejecutando: git gc --prune=now

Ejecutando: git reflog expire --expire=now --all

 Verificando estructura de directorios V3:
 Imágenes en temp: 7
 Imágenes procesadas: 15 HD, 15 LD
 Estado inicial V3:
   - Imágenes en temp: 7
   - Imágenes ya procesadas: 15
   - Imágenes pendientes de procesar: 1
 Generando archivo style.css completo...
 Se generó style.css exitosamente
 V3: Procesando imágenes desde temp...
 Encontradas 1 imágenes NUEVAS en temp para procesar:
   - Arga.jpg
  Procesando desde temp: {filename}
    HD con watermark guardada: C:/Users/jl/OneDrive/Python/panoramic219\hd\Arga.jpg
    LD redimensionada guardada: C:/Users/jl/OneDrive/Python/panoramic219\ld\Arga.jpg
    Original mantenido en temp: C:/Users/jl/OneDrive/Python/panoramic219\temp\Arga.jpg
 Saltadas 6 imágenes que ya están procesadas:
   - Gorraiz.jpg (ya existe en HD)
   - colmenar-3.jpg (ya existe en HD)
   - montejurra.jpg (ya existe en HD)
   - roquenublo.jpg (ya existe en HD)
   - ss-5.jpg (ya existe en HD)
   - thames.jpg (ya existe en HD)
 Recolectando imágenes procesadas para la galería...
 Encontradas 16 imágenes procesadas en total.
Método 2: Inferidas 1 palabras clave del nombre: Arga.jpg
Método 2: Inferidas 1 palabras clave del nombre: Gorraiz.jpg
Método 2: Inferidas 1 palabras clave del nombre: PuertoGijon.jpg
Método 2: Inferidas 1 palabras clave del nombre: PzaCastillo.jpg
Método 2: Inferidas 1 palabras clave del nombre: Sanvicente1.jpg
Método 2: Inferidas 1 palabras clave del nombre: colmenar-1.jpg
Método 2: Inferidas 1 palabras clave del nombre: colmenar-3.jpg
Método 2: Inferidas 1 palabras clave del nombre: congreso1.jpg
Método 2: Inferidas 1 palabras clave del nombre: fragas-3.jpg
Método 2: Inferidas 1 palabras clave del nombre: montejurra.jpg
Método 2: Inferidas 1 palabras clave del nombre: puertodebares1.jpg
Método 2: Inferidas 1 palabras clave del nombre: riabarquero.jpg
Método 2: Inferidas 1 palabras clave del nombre: roquenublo.jpg
Método 2: Inferidas 1 palabras clave del nombre: ss-5.jpg
Método 2: Inferidas 1 palabras clave del nombre: thames.jpg
Método 2: Inferidas 1 palabras clave del nombre: zugarramurdi.jpg
 Se recolectaron 16 imágenes para la galería
 Generando index.html...
 Se generó index.html con 16 imágenes
 Generando páginas HTML individuales...
  Generado Arga.html  con EXIF  con mapa  con 1 palabras clave
  Generado Gorraiz.html  con EXIF  con mapa  con 1 palabras clave
  Generado PuertoGijon.html  con EXIF  con mapa  con 1 palabras clave
  Generado PzaCastillo.html  con EXIF  con mapa  con 1 palabras clave
  Generado Sanvicente1.html  con EXIF  con mapa  con 1 palabras clave
  Generado colmenar-1.html  con EXIF  con mapa  con 1 palabras clave
  Generado colmenar-3.html  con EXIF  con mapa  con 1 palabras clave
  Generado congreso1.html  con EXIF  con mapa  con 1 palabras clave
  Generado fragas-3.html  con EXIF  con mapa  con 1 palabras clave
  Generado montejurra.html  con EXIF  con mapa  con 1 palabras clave
  Generado puertodebares1.html  con EXIF  con mapa  con 1 palabras clave
  Generado riabarquero.html  con EXIF  con mapa  con 1 palabras clave
  Generado roquenublo.html  con EXIF  con mapa  con 1 palabras clave
  Generado ss-5.html  con EXIF  con mapa  con 1 palabras clave
  Generado thames.html  con EXIF  con mapa  con 1 palabras clave
  Generado zugarramurdi.html  con EXIF  con mapa  con 1 palabras clave
 Subiendo a GitHub...
  Agregando archivos...
  Haciendo commit: V3: Actualización automática 13/12/2025 23:18
  Haciendo push...
  Push completado exitosamente.
 Proceso V3 completado exitosamente
 Las imágenes permanecen en temp para su posterior gestión
___________________________________________________________
PANORAMIC INSTAGRAM - 4 IMÁGENES EN ÁLBUM
___________________________________________________________
Fecha: 13/12/2025 23:20:29
Fuente: C:\Users\jl\OneDrive\Python\panoramic219\temp
Destino: C:\Users\jl\OneDrive\Python\panoramic219\instagram
Verificando estructura de directorios...
Buscando imágenes en temp: C:\Users\jl\OneDrive\Python\panoramic219\temp
Imágenes pendientes de procesar: 1

--- GENERANDO SECUENCIAS (4 IMÁGENES) ---

Procesando: Arga.jpg
  - Componiendo 4 imágenes para Arga.jpg ...
  - Secuencia guardada: C:\Users\jl\OneDrive\Python\panoramic219\instagram\Arga_01.jpg .. C:\Users\jl\OneDrive\Python\panoramic219\instagram\Arga_04.jpg

--- SUBIENDO A INSTAGRAM (ÁLBUM DE 4 IMÁGENES) ---
Iniciando sesión en Instagram...
¡Sesión iniciada con éxito!

[1/1] Subiendo álbum: Arga.jpg
  - Álbum subido exitosamente.
___________________________________________________________
RESUMEN
___________________________________________________________
Secuencias generadas: 1
Álbumes subidos: 1
Ubicación imágenes: C:\Users\jl\OneDrive\Python\panoramic219\instagram
Sesión de Instagram cerrada.
